{
  "/Users/biorz/workspace/fta-view/packages/config/h5-blended-taro3/__test__/mock/babel.config.js": {
    "path": "/Users/biorz/workspace/fta-view/packages/config/h5-blended-taro3/__test__/mock/babel.config.js",
    "all": false,
    "statementMap": {
      "0": { "start": { "line": 1, "column": 0 }, "end": { "line": 1, "column": 18 } },
      "1": { "start": { "line": 2, "column": 0 }, "end": { "line": 2, "column": 17 } },
      "2": { "start": { "line": 3, "column": 0 }, "end": { "line": 3, "column": 12 } },
      "3": { "start": { "line": 4, "column": 0 }, "end": { "line": 4, "column": 5 } },
      "4": { "start": { "line": 5, "column": 0 }, "end": { "line": 5, "column": 26 } },
      "5": { "start": { "line": 6, "column": 0 }, "end": { "line": 6, "column": 7 } },
      "6": { "start": { "line": 7, "column": 0 }, "end": { "line": 7, "column": 18 } },
      "7": { "start": { "line": 8, "column": 0 }, "end": { "line": 8, "column": 61 } },
      "8": { "start": { "line": 9, "column": 0 }, "end": { "line": 9, "column": 10 } },
      "9": { "start": { "line": 10, "column": 0 }, "end": { "line": 10, "column": 8 } },
      "10": { "start": { "line": 11, "column": 0 }, "end": { "line": 11, "column": 6 } },
      "11": { "start": { "line": 12, "column": 0 }, "end": { "line": 12, "column": 18 } },
      "12": { "start": { "line": 13, "column": 0 }, "end": { "line": 13, "column": 4 } },
      "13": { "start": { "line": 14, "column": 0 }, "end": { "line": 14, "column": 1 } }
    },
    "s": { "0": 1, "1": 1, "2": 1, "3": 1, "4": 1, "5": 1, "6": 1, "7": 1, "8": 1, "9": 1, "10": 1, "11": 1, "12": 1, "13": 1 },
    "branchMap": {
      "0": {
        "type": "branch",
        "line": 1,
        "loc": { "start": { "line": 1, "column": 0 }, "end": { "line": 14, "column": 1 } },
        "locations": [{ "start": { "line": 1, "column": 0 }, "end": { "line": 14, "column": 1 } }]
      },
      "1": {
        "type": "branch",
        "line": 1,
        "loc": { "start": { "line": 1, "column": 0 }, "end": { "line": 14, "column": 1 } },
        "locations": [{ "start": { "line": 1, "column": 0 }, "end": { "line": 14, "column": 1 } }]
      }
    },
    "b": { "0": [1], "1": [1] },
    "fnMap": {
      "0": {
        "name": "Object.<anonymous>",
        "decl": { "start": { "line": 1, "column": 0 }, "end": { "line": 14, "column": 1 } },
        "loc": { "start": { "line": 1, "column": 0 }, "end": { "line": 14, "column": 1 } },
        "line": 1
      }
    },
    "f": { "0": 1 }
  },
  "/Users/biorz/workspace/fta-view/packages/config/h5-blended-taro3/__test__/mock/webpack.config.ts": {
    "path": "/Users/biorz/workspace/fta-view/packages/config/h5-blended-taro3/__test__/mock/webpack.config.ts",
    "all": false,
    "statementMap": {
      "0": { "start": { "line": 1, "column": 0 }, "end": { "line": 1, "column": 28 } },
      "1": { "start": { "line": 2, "column": 0 }, "end": { "line": 2, "column": 34 } },
      "2": { "start": { "line": 3, "column": 0 }, "end": { "line": 3, "column": 0 } },
      "3": { "start": { "line": 4, "column": 0 }, "end": { "line": 4, "column": 49 } },
      "4": { "start": { "line": 5, "column": 0 }, "end": { "line": 5, "column": 0 } },
      "5": { "start": { "line": 6, "column": 0 }, "end": { "line": 6, "column": 39 } },
      "6": { "start": { "line": 7, "column": 0 }, "end": { "line": 7, "column": 21 } },
      "7": { "start": { "line": 8, "column": 0 }, "end": { "line": 8, "column": 22 } },
      "8": { "start": { "line": 9, "column": 0 }, "end": { "line": 9, "column": 52 } },
      "9": { "start": { "line": 10, "column": 0 }, "end": { "line": 10, "column": 11 } },
      "10": { "start": { "line": 11, "column": 0 }, "end": { "line": 11, "column": 44 } },
      "11": { "start": { "line": 12, "column": 0 }, "end": { "line": 12, "column": 4 } },
      "12": { "start": { "line": 13, "column": 0 }, "end": { "line": 13, "column": 11 } },
      "13": { "start": { "line": 14, "column": 0 }, "end": { "line": 14, "column": 12 } },
      "14": { "start": { "line": 15, "column": 0 }, "end": { "line": 15, "column": 7 } },
      "15": { "start": { "line": 16, "column": 0 }, "end": { "line": 16, "column": 39 } },
      "16": { "start": { "line": 17, "column": 0 }, "end": { "line": 17, "column": 52 } },
      "17": { "start": { "line": 18, "column": 0 }, "end": { "line": 18, "column": 32 } },
      "18": { "start": { "line": 19, "column": 0 }, "end": { "line": 19, "column": 51 } },
      "19": { "start": { "line": 20, "column": 0 }, "end": { "line": 20, "column": 31 } },
      "20": { "start": { "line": 21, "column": 0 }, "end": { "line": 21, "column": 8 } },
      "21": { "start": { "line": 22, "column": 0 }, "end": { "line": 22, "column": 7 } },
      "22": { "start": { "line": 23, "column": 0 }, "end": { "line": 23, "column": 23 } },
      "23": { "start": { "line": 24, "column": 0 }, "end": { "line": 24, "column": 62 } },
      "24": { "start": { "line": 25, "column": 0 }, "end": { "line": 25, "column": 8 } },
      "25": { "start": { "line": 26, "column": 0 }, "end": { "line": 26, "column": 6 } },
      "26": { "start": { "line": 27, "column": 0 }, "end": { "line": 27, "column": 4 } },
      "27": { "start": { "line": 28, "column": 0 }, "end": { "line": 28, "column": 12 } },
      "28": { "start": { "line": 29, "column": 0 }, "end": { "line": 29, "column": 61 } },
      "29": { "start": { "line": 30, "column": 0 }, "end": { "line": 30, "column": 12 } },
      "30": { "start": { "line": 31, "column": 0 }, "end": { "line": 31, "column": 19 } },
      "31": { "start": { "line": 32, "column": 0 }, "end": { "line": 32, "column": 47 } },
      "32": { "start": { "line": 33, "column": 0 }, "end": { "line": 33, "column": 83 } },
      "33": { "start": { "line": 34, "column": 0 }, "end": { "line": 34, "column": 6 } },
      "34": { "start": { "line": 35, "column": 0 }, "end": { "line": 35, "column": 40 } },
      "35": { "start": { "line": 36, "column": 0 }, "end": { "line": 36, "column": 4 } },
      "36": { "start": { "line": 37, "column": 0 }, "end": { "line": 37, "column": 23 } },
      "37": { "start": { "line": 38, "column": 0 }, "end": { "line": 38, "column": 12 } },
      "38": { "start": { "line": 39, "column": 0 }, "end": { "line": 39, "column": 30 } },
      "39": { "start": { "line": 40, "column": 0 }, "end": { "line": 40, "column": 22 } },
      "40": { "start": { "line": 41, "column": 0 }, "end": { "line": 41, "column": 55 } },
      "41": { "start": { "line": 42, "column": 0 }, "end": { "line": 42, "column": 55 } },
      "42": { "start": { "line": 43, "column": 0 }, "end": { "line": 43, "column": 53 } },
      "43": { "start": { "line": 44, "column": 0 }, "end": { "line": 44, "column": 8 } },
      "44": { "start": { "line": 45, "column": 0 }, "end": { "line": 45, "column": 7 } },
      "45": { "start": { "line": 46, "column": 0 }, "end": { "line": 46, "column": 4 } },
      "46": { "start": { "line": 47, "column": 0 }, "end": { "line": 47, "column": 1 } },
      "47": { "start": { "line": 48, "column": 0 }, "end": { "line": 48, "column": 21 } }
    },
    "s": {
      "0": 1,
      "1": 1,
      "2": 1,
      "3": 1,
      "4": 1,
      "5": 1,
      "6": 1,
      "7": 1,
      "8": 1,
      "9": 1,
      "10": 1,
      "11": 1,
      "12": 1,
      "13": 1,
      "14": 1,
      "15": 1,
      "16": 1,
      "17": 1,
      "18": 1,
      "19": 1,
      "20": 1,
      "21": 1,
      "22": 1,
      "23": 1,
      "24": 1,
      "25": 1,
      "26": 1,
      "27": 1,
      "28": 1,
      "29": 1,
      "30": 1,
      "31": 1,
      "32": 1,
      "33": 1,
      "34": 1,
      "35": 1,
      "36": 1,
      "37": 1,
      "38": 1,
      "39": 1,
      "40": 1,
      "41": 1,
      "42": 1,
      "43": 1,
      "44": 1,
      "45": 1,
      "46": 1,
      "47": 1
    },
    "branchMap": {},
    "b": {},
    "fnMap": {},
    "f": {}
  },
  "/Users/biorz/workspace/fta-view/packages/config/h5-blended-taro3/__test__/utils/index.ts": {
    "path": "/Users/biorz/workspace/fta-view/packages/config/h5-blended-taro3/__test__/utils/index.ts",
    "all": false,
    "statementMap": {
      "0": { "start": { "line": 1, "column": 0 }, "end": { "line": 1, "column": 36 } },
      "1": { "start": { "line": 2, "column": 0 }, "end": { "line": 2, "column": 55 } },
      "2": { "start": { "line": 3, "column": 0 }, "end": { "line": 3, "column": 41 } },
      "3": { "start": { "line": 4, "column": 0 }, "end": { "line": 4, "column": 28 } },
      "4": { "start": { "line": 5, "column": 0 }, "end": { "line": 5, "column": 34 } },
      "5": { "start": { "line": 6, "column": 0 }, "end": { "line": 6, "column": 49 } },
      "6": { "start": { "line": 7, "column": 0 }, "end": { "line": 7, "column": 0 } },
      "7": { "start": { "line": 8, "column": 0 }, "end": { "line": 8, "column": 49 } },
      "8": { "start": { "line": 9, "column": 0 }, "end": { "line": 9, "column": 0 } },
      "9": { "start": { "line": 10, "column": 0 }, "end": { "line": 10, "column": 62 } },
      "10": { "start": { "line": 11, "column": 0 }, "end": { "line": 11, "column": 29 } },
      "11": { "start": { "line": 12, "column": 0 }, "end": { "line": 12, "column": 0 } },
      "12": { "start": { "line": 13, "column": 0 }, "end": { "line": 13, "column": 52 } },
      "13": { "start": { "line": 14, "column": 0 }, "end": { "line": 14, "column": 0 } },
      "14": { "start": { "line": 15, "column": 0 }, "end": { "line": 15, "column": 24 } },
      "15": { "start": { "line": 16, "column": 0 }, "end": { "line": 16, "column": 0 } },
      "16": { "start": { "line": 17, "column": 0 }, "end": { "line": 17, "column": 33 } },
      "17": { "start": { "line": 18, "column": 0 }, "end": { "line": 18, "column": 26 } },
      "18": { "start": { "line": 19, "column": 0 }, "end": { "line": 19, "column": 1 } },
      "19": { "start": { "line": 20, "column": 0 }, "end": { "line": 20, "column": 0 } },
      "20": { "start": { "line": 21, "column": 0 }, "end": { "line": 21, "column": 88 } },
      "21": { "start": { "line": 22, "column": 0 }, "end": { "line": 22, "column": 49 } },
      "22": { "start": { "line": 23, "column": 0 }, "end": { "line": 23, "column": 45 } },
      "23": { "start": { "line": 24, "column": 0 }, "end": { "line": 24, "column": 45 } },
      "24": { "start": { "line": 25, "column": 0 }, "end": { "line": 25, "column": 0 } },
      "25": { "start": { "line": 26, "column": 0 }, "end": { "line": 26, "column": 39 } },
      "26": { "start": { "line": 27, "column": 0 }, "end": { "line": 27, "column": 0 } },
      "27": { "start": { "line": 28, "column": 0 }, "end": { "line": 28, "column": 43 } },
      "28": { "start": { "line": 29, "column": 0 }, "end": { "line": 29, "column": 34 } },
      "29": { "start": { "line": 30, "column": 0 }, "end": { "line": 30, "column": 38 } },
      "30": { "start": { "line": 31, "column": 0 }, "end": { "line": 31, "column": 51 } },
      "31": { "start": { "line": 32, "column": 0 }, "end": { "line": 32, "column": 21 } },
      "32": { "start": { "line": 33, "column": 0 }, "end": { "line": 33, "column": 14 } },
      "33": { "start": { "line": 34, "column": 0 }, "end": { "line": 34, "column": 22 } },
      "34": { "start": { "line": 35, "column": 0 }, "end": { "line": 35, "column": 7 } },
      "35": { "start": { "line": 36, "column": 0 }, "end": { "line": 36, "column": 6 } },
      "36": { "start": { "line": 37, "column": 0 }, "end": { "line": 37, "column": 4 } },
      "37": { "start": { "line": 38, "column": 0 }, "end": { "line": 38, "column": 1 } },
      "38": { "start": { "line": 39, "column": 0 }, "end": { "line": 39, "column": 0 } },
      "39": { "start": { "line": 40, "column": 0 }, "end": { "line": 40, "column": 33 } },
      "40": { "start": { "line": 41, "column": 0 }, "end": { "line": 41, "column": 20 } },
      "41": { "start": { "line": 42, "column": 0 }, "end": { "line": 42, "column": 1 } },
      "42": { "start": { "line": 43, "column": 0 }, "end": { "line": 43, "column": 0 } },
      "43": { "start": { "line": 44, "column": 0 }, "end": { "line": 44, "column": 52 } },
      "44": { "start": { "line": 45, "column": 0 }, "end": { "line": 45, "column": 44 } },
      "45": { "start": { "line": 46, "column": 0 }, "end": { "line": 46, "column": 23 } },
      "46": { "start": { "line": 47, "column": 0 }, "end": { "line": 47, "column": 0 } },
      "47": { "start": { "line": 48, "column": 0 }, "end": { "line": 48, "column": 14 } },
      "48": { "start": { "line": 49, "column": 0 }, "end": { "line": 49, "column": 1 } },
      "49": { "start": { "line": 50, "column": 0 }, "end": { "line": 50, "column": 0 } },
      "50": { "start": { "line": 51, "column": 0 }, "end": { "line": 51, "column": 65 } },
      "51": { "start": { "line": 52, "column": 0 }, "end": { "line": 52, "column": 61 } },
      "52": { "start": { "line": 53, "column": 0 }, "end": { "line": 53, "column": 0 } },
      "53": { "start": { "line": 54, "column": 0 }, "end": { "line": 54, "column": 47 } },
      "54": { "start": { "line": 55, "column": 0 }, "end": { "line": 55, "column": 50 } },
      "55": { "start": { "line": 56, "column": 0 }, "end": { "line": 56, "column": 22 } },
      "56": { "start": { "line": 57, "column": 0 }, "end": { "line": 57, "column": 25 } },
      "57": { "start": { "line": 58, "column": 0 }, "end": { "line": 58, "column": 24 } },
      "58": { "start": { "line": 59, "column": 0 }, "end": { "line": 59, "column": 1 } },
      "59": { "start": { "line": 60, "column": 0 }, "end": { "line": 60, "column": 8 } },
      "60": { "start": { "line": 61, "column": 0 }, "end": { "line": 61, "column": 15 } },
      "61": { "start": { "line": 62, "column": 0 }, "end": { "line": 62, "column": 1 } },
      "62": { "start": { "line": 63, "column": 0 }, "end": { "line": 63, "column": 0 } },
      "63": { "start": { "line": 64, "column": 0 }, "end": { "line": 64, "column": 40 } },
      "64": { "start": { "line": 65, "column": 0 }, "end": { "line": 65, "column": 26 } },
      "65": { "start": { "line": 66, "column": 0 }, "end": { "line": 66, "column": 34 } },
      "66": { "start": { "line": 67, "column": 0 }, "end": { "line": 67, "column": 26 } },
      "67": { "start": { "line": 68, "column": 0 }, "end": { "line": 68, "column": 41 } },
      "68": { "start": { "line": 69, "column": 0 }, "end": { "line": 69, "column": 38 } },
      "69": { "start": { "line": 70, "column": 0 }, "end": { "line": 70, "column": 29 } },
      "70": { "start": { "line": 71, "column": 0 }, "end": { "line": 71, "column": 49 } },
      "71": { "start": { "line": 72, "column": 0 }, "end": { "line": 72, "column": 12 } },
      "72": { "start": { "line": 73, "column": 0 }, "end": { "line": 73, "column": 26 } },
      "73": { "start": { "line": 74, "column": 0 }, "end": { "line": 74, "column": 5 } },
      "74": { "start": { "line": 75, "column": 0 }, "end": { "line": 75, "column": 4 } },
      "75": { "start": { "line": 76, "column": 0 }, "end": { "line": 76, "column": 14 } },
      "76": { "start": { "line": 77, "column": 0 }, "end": { "line": 77, "column": 1 } },
      "77": { "start": { "line": 78, "column": 0 }, "end": { "line": 78, "column": 0 } },
      "78": { "start": { "line": 79, "column": 0 }, "end": { "line": 79, "column": 32 } },
      "79": { "start": { "line": 80, "column": 0 }, "end": { "line": 80, "column": 38 } },
      "80": { "start": { "line": 81, "column": 0 }, "end": { "line": 81, "column": 42 } },
      "81": { "start": { "line": 82, "column": 0 }, "end": { "line": 82, "column": 37 } },
      "82": { "start": { "line": 83, "column": 0 }, "end": { "line": 83, "column": 28 } },
      "83": { "start": { "line": 84, "column": 0 }, "end": { "line": 84, "column": 22 } },
      "84": { "start": { "line": 85, "column": 0 }, "end": { "line": 85, "column": 9 } },
      "85": { "start": { "line": 86, "column": 0 }, "end": { "line": 86, "column": 3 } },
      "86": { "start": { "line": 87, "column": 0 }, "end": { "line": 87, "column": 0 } },
      "87": { "start": { "line": 88, "column": 0 }, "end": { "line": 88, "column": 43 } },
      "88": { "start": { "line": 89, "column": 0 }, "end": { "line": 89, "column": 77 } },
      "89": { "start": { "line": 90, "column": 0 }, "end": { "line": 90, "column": 71 } },
      "90": { "start": { "line": 91, "column": 0 }, "end": { "line": 91, "column": 67 } },
      "91": { "start": { "line": 92, "column": 0 }, "end": { "line": 92, "column": 57 } },
      "92": { "start": { "line": 93, "column": 0 }, "end": { "line": 93, "column": 20 } },
      "93": { "start": { "line": 94, "column": 0 }, "end": { "line": 94, "column": 6 } },
      "94": { "start": { "line": 95, "column": 0 }, "end": { "line": 95, "column": 0 } },
      "95": { "start": { "line": 96, "column": 0 }, "end": { "line": 96, "column": 59 } },
      "96": { "start": { "line": 97, "column": 0 }, "end": { "line": 97, "column": 19 } },
      "97": { "start": { "line": 98, "column": 0 }, "end": { "line": 98, "column": 6 } },
      "98": { "start": { "line": 99, "column": 0 }, "end": { "line": 99, "column": 0 } },
      "99": { "start": { "line": 100, "column": 0 }, "end": { "line": 100, "column": 84 } },
      "100": { "start": { "line": 101, "column": 0 }, "end": { "line": 101, "column": 16 } },
      "101": { "start": { "line": 102, "column": 0 }, "end": { "line": 102, "column": 24 } },
      "102": { "start": { "line": 103, "column": 0 }, "end": { "line": 103, "column": 7 } },
      "103": { "start": { "line": 104, "column": 0 }, "end": { "line": 104, "column": 6 } },
      "104": { "start": { "line": 105, "column": 0 }, "end": { "line": 105, "column": 4 } },
      "105": { "start": { "line": 106, "column": 0 }, "end": { "line": 106, "column": 1 } }
    },
    "s": {
      "0": 1,
      "1": 1,
      "2": 1,
      "3": 1,
      "4": 1,
      "5": 1,
      "6": 1,
      "7": 1,
      "8": 1,
      "9": 1,
      "10": 1,
      "11": 1,
      "12": 1,
      "13": 1,
      "14": 1,
      "15": 1,
      "16": 1,
      "17": 1,
      "18": 1,
      "19": 1,
      "20": 1,
      "21": 1,
      "22": 1,
      "23": 1,
      "24": 1,
      "25": 1,
      "26": 1,
      "27": 1,
      "28": 1,
      "29": 1,
      "30": 0,
      "31": 0,
      "32": 1,
      "33": 1,
      "34": 1,
      "35": 1,
      "36": 1,
      "37": 1,
      "38": 1,
      "39": 1,
      "40": 1,
      "41": 1,
      "42": 1,
      "43": 1,
      "44": 1,
      "45": 1,
      "46": 1,
      "47": 1,
      "48": 1,
      "49": 1,
      "50": 3,
      "51": 3,
      "52": 3,
      "53": 3,
      "54": 3,
      "55": 117,
      "56": 117,
      "57": 117,
      "58": 117,
      "59": 3,
      "60": 3,
      "61": 3,
      "62": 1,
      "63": 3,
      "64": 3,
      "65": 3,
      "66": 3,
      "67": 117,
      "68": 117,
      "69": 117,
      "70": 0,
      "71": 117,
      "72": 117,
      "73": 117,
      "74": 3,
      "75": 3,
      "76": 3,
      "77": 1,
      "78": 1,
      "79": 2,
      "80": 2,
      "81": 2,
      "82": 2,
      "83": 2,
      "84": 2,
      "85": 2,
      "86": 2,
      "87": 2,
      "88": 2,
      "89": 2,
      "90": 2,
      "91": 2,
      "92": 2,
      "93": 2,
      "94": 2,
      "95": 2,
      "96": 0,
      "97": 2,
      "98": 2,
      "99": 2,
      "100": 2,
      "101": 0,
      "102": 0,
      "103": 2,
      "104": 2,
      "105": 2
    },
    "branchMap": {
      "0": {
        "type": "branch",
        "line": 10,
        "loc": { "start": { "line": 10, "column": 0 }, "end": { "line": 19, "column": 1 } },
        "locations": [{ "start": { "line": 10, "column": 0 }, "end": { "line": 19, "column": 1 } }]
      },
      "1": {
        "type": "branch",
        "line": 21,
        "loc": { "start": { "line": 21, "column": 0 }, "end": { "line": 38, "column": 1 } },
        "locations": [{ "start": { "line": 21, "column": 0 }, "end": { "line": 38, "column": 1 } }]
      },
      "2": {
        "type": "branch",
        "line": 28,
        "loc": { "start": { "line": 28, "column": 21 }, "end": { "line": 37, "column": 3 } },
        "locations": [{ "start": { "line": 28, "column": 21 }, "end": { "line": 37, "column": 3 } }]
      },
      "3": {
        "type": "branch",
        "line": 29,
        "loc": { "start": { "line": 29, "column": 17 }, "end": { "line": 36, "column": 5 } },
        "locations": [{ "start": { "line": 29, "column": 17 }, "end": { "line": 36, "column": 5 } }]
      },
      "4": {
        "type": "branch",
        "line": 30,
        "loc": { "start": { "line": 30, "column": 13 }, "end": { "line": 30, "column": 17 } },
        "locations": [{ "start": { "line": 30, "column": 13 }, "end": { "line": 30, "column": 17 } }]
      },
      "5": {
        "type": "branch",
        "line": 30,
        "loc": { "start": { "line": 30, "column": 13 }, "end": { "line": 30, "column": 12 } },
        "locations": [{ "start": { "line": 30, "column": 13 }, "end": { "line": 30, "column": 12 } }]
      },
      "6": {
        "type": "branch",
        "line": 30,
        "loc": { "start": { "line": 30, "column": 22 }, "end": { "line": 30, "column": 24 } },
        "locations": [{ "start": { "line": 30, "column": 22 }, "end": { "line": 30, "column": 24 } }]
      },
      "7": {
        "type": "branch",
        "line": 30,
        "loc": { "start": { "line": 30, "column": 37 }, "end": { "line": 33, "column": 13 } },
        "locations": [{ "start": { "line": 30, "column": 37 }, "end": { "line": 33, "column": 13 } }]
      },
      "8": {
        "type": "branch",
        "line": 44,
        "loc": { "start": { "line": 44, "column": 0 }, "end": { "line": 49, "column": 1 } },
        "locations": [{ "start": { "line": 44, "column": 0 }, "end": { "line": 49, "column": 1 } }]
      },
      "9": {
        "type": "branch",
        "line": 51,
        "loc": { "start": { "line": 51, "column": 0 }, "end": { "line": 62, "column": 1 } },
        "locations": [{ "start": { "line": 51, "column": 0 }, "end": { "line": 62, "column": 1 } }]
      },
      "10": {
        "type": "branch",
        "line": 55,
        "loc": { "start": { "line": 55, "column": 30 }, "end": { "line": 60, "column": 3 } },
        "locations": [{ "start": { "line": 55, "column": 30 }, "end": { "line": 60, "column": 3 } }]
      },
      "11": {
        "type": "branch",
        "line": 64,
        "loc": { "start": { "line": 64, "column": 0 }, "end": { "line": 77, "column": 1 } },
        "locations": [{ "start": { "line": 64, "column": 0 }, "end": { "line": 77, "column": 1 } }]
      },
      "12": {
        "type": "branch",
        "line": 67,
        "loc": { "start": { "line": 67, "column": 15 }, "end": { "line": 75, "column": 3 } },
        "locations": [{ "start": { "line": 67, "column": 15 }, "end": { "line": 75, "column": 3 } }]
      },
      "13": {
        "type": "branch",
        "line": 70,
        "loc": { "start": { "line": 70, "column": 28 }, "end": { "line": 72, "column": 11 } },
        "locations": [{ "start": { "line": 70, "column": 28 }, "end": { "line": 72, "column": 11 } }]
      },
      "14": {
        "type": "branch",
        "line": 79,
        "loc": { "start": { "line": 79, "column": 25 }, "end": { "line": 106, "column": 1 } },
        "locations": [{ "start": { "line": 79, "column": 25 }, "end": { "line": 106, "column": 1 } }]
      },
      "15": {
        "type": "branch",
        "line": 81,
        "loc": { "start": { "line": 81, "column": -1 }, "end": { "line": 106, "column": 1 } },
        "locations": [{ "start": { "line": 81, "column": -1 }, "end": { "line": 106, "column": 1 } }]
      },
      "16": {
        "type": "branch",
        "line": 82,
        "loc": { "start": { "line": 82, "column": 15 }, "end": { "line": 82, "column": 37 } },
        "locations": [{ "start": { "line": 82, "column": 15 }, "end": { "line": 82, "column": 37 } }]
      },
      "17": {
        "type": "branch",
        "line": 88,
        "loc": { "start": { "line": 88, "column": 21 }, "end": { "line": 105, "column": 3 } },
        "locations": [{ "start": { "line": 88, "column": 21 }, "end": { "line": 105, "column": 3 } }]
      },
      "18": {
        "type": "branch",
        "line": 92,
        "loc": { "start": { "line": 92, "column": 45 }, "end": { "line": 94, "column": 5 } },
        "locations": [{ "start": { "line": 92, "column": 45 }, "end": { "line": 94, "column": 5 } }]
      },
      "19": {
        "type": "branch",
        "line": 100,
        "loc": { "start": { "line": 100, "column": 74 }, "end": { "line": 104, "column": 5 } },
        "locations": [{ "start": { "line": 100, "column": 74 }, "end": { "line": 104, "column": 5 } }]
      },
      "20": {
        "type": "branch",
        "line": 101,
        "loc": { "start": { "line": 101, "column": 15 }, "end": { "line": 103, "column": 7 } },
        "locations": [{ "start": { "line": 101, "column": 15 }, "end": { "line": 103, "column": 7 } }]
      }
    },
    "b": {
      "0": [1],
      "1": [1],
      "2": [1],
      "3": [1],
      "4": [0],
      "5": [0],
      "6": [0],
      "7": [0],
      "8": [1],
      "9": [3],
      "10": [117],
      "11": [3],
      "12": [117],
      "13": [0],
      "14": [2],
      "15": [2],
      "16": [2],
      "17": [2],
      "18": [2],
      "19": [2],
      "20": [0]
    },
    "fnMap": {
      "0": {
        "name": "compile",
        "decl": { "start": { "line": 10, "column": 0 }, "end": { "line": 19, "column": 1 } },
        "loc": { "start": { "line": 10, "column": 0 }, "end": { "line": 19, "column": 1 } },
        "line": 10
      },
      "1": {
        "name": "run",
        "decl": { "start": { "line": 21, "column": 0 }, "end": { "line": 38, "column": 1 } },
        "loc": { "start": { "line": 21, "column": 0 }, "end": { "line": 38, "column": 1 } },
        "line": 21
      },
      "2": {
        "name": "ensureWebpackMemoryFs",
        "decl": { "start": { "line": 44, "column": 0 }, "end": { "line": 49, "column": 1 } },
        "loc": { "start": { "line": 44, "column": 0 }, "end": { "line": 49, "column": 1 } },
        "line": 44
      },
      "3": {
        "name": "getOutput",
        "decl": { "start": { "line": 51, "column": 0 }, "end": { "line": 62, "column": 1 } },
        "loc": { "start": { "line": 51, "column": 0 }, "end": { "line": 62, "column": 1 } },
        "line": 51
      },
      "4": {
        "name": "readDir",
        "decl": { "start": { "line": 64, "column": 0 }, "end": { "line": 77, "column": 1 } },
        "loc": { "start": { "line": 64, "column": 0 }, "end": { "line": 77, "column": 1 } },
        "line": 64
      },
      "5": {
        "name": "devServer",
        "decl": { "start": { "line": 79, "column": 25 }, "end": { "line": 106, "column": 1 } },
        "loc": { "start": { "line": 79, "column": 25 }, "end": { "line": 106, "column": 1 } },
        "line": 79
      }
    },
    "f": { "0": 1, "1": 1, "2": 1, "3": 3, "4": 3, "5": 2 }
  },
  "/Users/biorz/workspace/fta-view/packages/config/h5-blended-taro3/src/index.ts": {
    "path": "/Users/biorz/workspace/fta-view/packages/config/h5-blended-taro3/src/index.ts",
    "all": false,
    "statementMap": {
      "0": { "start": { "line": 1, "column": 0 }, "end": { "line": 1, "column": 46 } },
      "1": { "start": { "line": 2, "column": 0 }, "end": { "line": 2, "column": 34 } },
      "2": { "start": { "line": 3, "column": 0 }, "end": { "line": 3, "column": 40 } },
      "3": { "start": { "line": 4, "column": 0 }, "end": { "line": 4, "column": 50 } },
      "4": { "start": { "line": 5, "column": 0 }, "end": { "line": 5, "column": 45 } },
      "5": { "start": { "line": 6, "column": 0 }, "end": { "line": 6, "column": 0 } },
      "6": { "start": { "line": 7, "column": 0 }, "end": { "line": 7, "column": 58 } },
      "7": { "start": { "line": 8, "column": 0 }, "end": { "line": 8, "column": 0 } },
      "8": { "start": { "line": 9, "column": 0 }, "end": { "line": 9, "column": 66 } },
      "9": { "start": { "line": 10, "column": 0 }, "end": { "line": 10, "column": 49 } },
      "10": { "start": { "line": 11, "column": 0 }, "end": { "line": 11, "column": 39 } },
      "11": { "start": { "line": 12, "column": 0 }, "end": { "line": 12, "column": 0 } },
      "12": { "start": { "line": 13, "column": 0 }, "end": { "line": 13, "column": 42 } },
      "13": { "start": { "line": 14, "column": 0 }, "end": { "line": 14, "column": 19 } },
      "14": { "start": { "line": 15, "column": 0 }, "end": { "line": 15, "column": 30 } },
      "15": { "start": { "line": 16, "column": 0 }, "end": { "line": 16, "column": 10 } },
      "16": { "start": { "line": 17, "column": 0 }, "end": { "line": 17, "column": 18 } },
      "17": { "start": { "line": 18, "column": 0 }, "end": { "line": 18, "column": 3 } },
      "18": { "start": { "line": 19, "column": 0 }, "end": { "line": 19, "column": 0 } },
      "19": { "start": { "line": 20, "column": 0 }, "end": { "line": 20, "column": 14 } },
      "20": { "start": { "line": 21, "column": 0 }, "end": { "line": 21, "column": 30 } },
      "21": { "start": { "line": 22, "column": 0 }, "end": { "line": 22, "column": 27 } },
      "22": { "start": { "line": 23, "column": 0 }, "end": { "line": 23, "column": 10 } },
      "23": { "start": { "line": 24, "column": 0 }, "end": { "line": 24, "column": 23 } },
      "24": { "start": { "line": 25, "column": 0 }, "end": { "line": 25, "column": 17 } },
      "25": { "start": { "line": 26, "column": 0 }, "end": { "line": 26, "column": 27 } },
      "26": { "start": { "line": 27, "column": 0 }, "end": { "line": 27, "column": 0 } },
      "27": { "start": { "line": 28, "column": 0 }, "end": { "line": 28, "column": 21 } },
      "28": { "start": { "line": 29, "column": 0 }, "end": { "line": 29, "column": 43 } },
      "29": { "start": { "line": 30, "column": 0 }, "end": { "line": 30, "column": 67 } },
      "30": { "start": { "line": 31, "column": 0 }, "end": { "line": 31, "column": 0 } },
      "31": { "start": { "line": 32, "column": 0 }, "end": { "line": 32, "column": 26 } },
      "32": { "start": { "line": 33, "column": 0 }, "end": { "line": 33, "column": 20 } },
      "33": { "start": { "line": 34, "column": 0 }, "end": { "line": 34, "column": 27 } },
      "34": { "start": { "line": 35, "column": 0 }, "end": { "line": 35, "column": 22 } },
      "35": { "start": { "line": 36, "column": 0 }, "end": { "line": 36, "column": 23 } },
      "36": { "start": { "line": 37, "column": 0 }, "end": { "line": 37, "column": 23 } },
      "37": { "start": { "line": 38, "column": 0 }, "end": { "line": 38, "column": 0 } },
      "38": { "start": { "line": 39, "column": 0 }, "end": { "line": 39, "column": 20 } },
      "39": { "start": { "line": 40, "column": 0 }, "end": { "line": 40, "column": 52 } },
      "40": { "start": { "line": 41, "column": 0 }, "end": { "line": 41, "column": 5 } },
      "41": { "start": { "line": 42, "column": 0 }, "end": { "line": 42, "column": 51 } },
      "42": { "start": { "line": 43, "column": 0 }, "end": { "line": 43, "column": 47 } },
      "43": { "start": { "line": 44, "column": 0 }, "end": { "line": 44, "column": 50 } },
      "44": { "start": { "line": 45, "column": 0 }, "end": { "line": 45, "column": 46 } },
      "45": { "start": { "line": 46, "column": 0 }, "end": { "line": 46, "column": 53 } },
      "46": { "start": { "line": 47, "column": 0 }, "end": { "line": 47, "column": 47 } },
      "47": { "start": { "line": 48, "column": 0 }, "end": { "line": 48, "column": 45 } },
      "48": { "start": { "line": 49, "column": 0 }, "end": { "line": 49, "column": 54 } },
      "49": { "start": { "line": 50, "column": 0 }, "end": { "line": 50, "column": 6 } },
      "50": { "start": { "line": 51, "column": 0 }, "end": { "line": 51, "column": 4 } },
      "51": { "start": { "line": 52, "column": 0 }, "end": { "line": 52, "column": 0 } },
      "52": { "start": { "line": 53, "column": 0 }, "end": { "line": 53, "column": 16 } },
      "53": { "start": { "line": 54, "column": 0 }, "end": { "line": 54, "column": 46 } },
      "54": { "start": { "line": 55, "column": 0 }, "end": { "line": 55, "column": 5 } },
      "55": { "start": { "line": 56, "column": 0 }, "end": { "line": 56, "column": 23 } },
      "56": { "start": { "line": 57, "column": 0 }, "end": { "line": 57, "column": 30 } },
      "57": { "start": { "line": 58, "column": 0 }, "end": { "line": 58, "column": 6 } },
      "58": { "start": { "line": 59, "column": 0 }, "end": { "line": 59, "column": 4 } },
      "59": { "start": { "line": 60, "column": 0 }, "end": { "line": 60, "column": 0 } },
      "60": { "start": { "line": 61, "column": 0 }, "end": { "line": 61, "column": 15 } },
      "61": { "start": { "line": 62, "column": 0 }, "end": { "line": 62, "column": 67 } },
      "62": { "start": { "line": 63, "column": 0 }, "end": { "line": 63, "column": 33 } },
      "63": { "start": { "line": 64, "column": 0 }, "end": { "line": 64, "column": 43 } },
      "64": { "start": { "line": 65, "column": 0 }, "end": { "line": 65, "column": 37 } },
      "65": { "start": { "line": 66, "column": 0 }, "end": { "line": 66, "column": 9 } },
      "66": { "start": { "line": 67, "column": 0 }, "end": { "line": 67, "column": 24 } },
      "67": { "start": { "line": 68, "column": 0 }, "end": { "line": 68, "column": 8 } },
      "68": { "start": { "line": 69, "column": 0 }, "end": { "line": 69, "column": 32 } },
      "69": { "start": { "line": 70, "column": 0 }, "end": { "line": 70, "column": 27 } },
      "70": { "start": { "line": 71, "column": 0 }, "end": { "line": 71, "column": 3 } },
      "71": { "start": { "line": 72, "column": 0 }, "end": { "line": 72, "column": 0 } },
      "72": { "start": { "line": 73, "column": 0 }, "end": { "line": 73, "column": 19 } },
      "73": { "start": { "line": 74, "column": 0 }, "end": { "line": 74, "column": 1 } },
      "74": { "start": { "line": 75, "column": 0 }, "end": { "line": 75, "column": 0 } },
      "75": { "start": { "line": 76, "column": 0 }, "end": { "line": 76, "column": 34 } },
      "76": { "start": { "line": 77, "column": 0 }, "end": { "line": 77, "column": 57 } },
      "77": { "start": { "line": 78, "column": 0 }, "end": { "line": 78, "column": 0 } },
      "78": { "start": { "line": 79, "column": 0 }, "end": { "line": 79, "column": 83 } },
      "79": { "start": { "line": 80, "column": 0 }, "end": { "line": 80, "column": 62 } },
      "80": { "start": { "line": 81, "column": 0 }, "end": { "line": 81, "column": 55 } },
      "81": { "start": { "line": 82, "column": 0 }, "end": { "line": 82, "column": 4 } },
      "82": { "start": { "line": 83, "column": 0 }, "end": { "line": 83, "column": 0 } },
      "83": { "start": { "line": 84, "column": 0 }, "end": { "line": 84, "column": 15 } },
      "84": { "start": { "line": 85, "column": 0 }, "end": { "line": 85, "column": 1 } }
    },
    "s": {
      "0": 1,
      "1": 1,
      "2": 1,
      "3": 1,
      "4": 1,
      "5": 1,
      "6": 1,
      "7": 1,
      "8": 5,
      "9": 5,
      "10": 5,
      "11": 5,
      "12": 5,
      "13": 4,
      "14": 4,
      "15": 5,
      "16": 1,
      "17": 1,
      "18": 5,
      "19": 5,
      "20": 5,
      "21": 5,
      "22": 5,
      "23": 5,
      "24": 5,
      "25": 5,
      "26": 5,
      "27": 5,
      "28": 5,
      "29": 5,
      "30": 5,
      "31": 5,
      "32": 5,
      "33": 5,
      "34": 5,
      "35": 5,
      "36": 5,
      "37": 5,
      "38": 5,
      "39": 5,
      "40": 5,
      "41": 5,
      "42": 5,
      "43": 5,
      "44": 5,
      "45": 5,
      "46": 5,
      "47": 5,
      "48": 5,
      "49": 5,
      "50": 5,
      "51": 5,
      "52": 5,
      "53": 5,
      "54": 5,
      "55": 5,
      "56": 5,
      "57": 5,
      "58": 5,
      "59": 5,
      "60": 5,
      "61": 4,
      "62": 4,
      "63": 40,
      "64": 16,
      "65": 16,
      "66": 24,
      "67": 4,
      "68": 4,
      "69": 4,
      "70": 4,
      "71": 1,
      "72": 1,
      "73": 1,
      "74": 1,
      "75": 1,
      "76": 16,
      "77": 16,
      "78": 16,
      "79": 16,
      "80": 112,
      "81": 16,
      "82": 16,
      "83": 16,
      "84": 16
    },
    "branchMap": {
      "0": {
        "type": "branch",
        "line": 9,
        "loc": { "start": { "line": 9, "column": 0 }, "end": { "line": 74, "column": 1 } },
        "locations": [{ "start": { "line": 9, "column": 0 }, "end": { "line": 74, "column": 1 } }]
      },
      "1": {
        "type": "branch",
        "line": 13,
        "loc": { "start": { "line": 13, "column": 41 }, "end": { "line": 16, "column": 9 } },
        "locations": [{ "start": { "line": 13, "column": 41 }, "end": { "line": 16, "column": 9 } }]
      },
      "2": {
        "type": "branch",
        "line": 16,
        "loc": { "start": { "line": 16, "column": 3 }, "end": { "line": 18, "column": 3 } },
        "locations": [{ "start": { "line": 16, "column": 3 }, "end": { "line": 18, "column": 3 } }]
      },
      "3": {
        "type": "branch",
        "line": 61,
        "loc": { "start": { "line": 61, "column": 14 }, "end": { "line": 71, "column": 3 } },
        "locations": [{ "start": { "line": 61, "column": 14 }, "end": { "line": 71, "column": 3 } }]
      },
      "4": {
        "type": "branch",
        "line": 72,
        "loc": { "start": { "line": 72, "column": -1 }, "end": { "line": 74, "column": 1 } },
        "locations": [{ "start": { "line": 72, "column": -1 }, "end": { "line": 74, "column": 1 } }]
      },
      "5": {
        "type": "branch",
        "line": 63,
        "loc": { "start": { "line": 63, "column": 20 }, "end": { "line": 68, "column": 7 } },
        "locations": [{ "start": { "line": 63, "column": 20 }, "end": { "line": 68, "column": 7 } }]
      },
      "6": {
        "type": "branch",
        "line": 64,
        "loc": { "start": { "line": 64, "column": 42 }, "end": { "line": 66, "column": 9 } },
        "locations": [{ "start": { "line": 64, "column": 42 }, "end": { "line": 66, "column": 9 } }]
      },
      "7": {
        "type": "branch",
        "line": 67,
        "loc": { "start": { "line": 67, "column": -1 }, "end": { "line": 68, "column": 7 } },
        "locations": [{ "start": { "line": 67, "column": -1 }, "end": { "line": 68, "column": 7 } }]
      },
      "8": {
        "type": "branch",
        "line": 76,
        "loc": { "start": { "line": 76, "column": 23 }, "end": { "line": 85, "column": 1 } },
        "locations": [{ "start": { "line": 76, "column": 23 }, "end": { "line": 85, "column": 1 } }]
      },
      "9": {
        "type": "branch",
        "line": 80,
        "loc": { "start": { "line": 80, "column": 42 }, "end": { "line": 82, "column": 3 } },
        "locations": [{ "start": { "line": 80, "column": 42 }, "end": { "line": 82, "column": 3 } }]
      },
      "10": {
        "type": "branch",
        "line": 81,
        "loc": { "start": { "line": 81, "column": 43 }, "end": { "line": 81, "column": 55 } },
        "locations": [{ "start": { "line": 81, "column": 43 }, "end": { "line": 81, "column": 55 } }]
      }
    },
    "b": { "0": [5], "1": [4], "2": [1], "3": [4], "4": [1], "5": [40], "6": [16], "7": [24], "8": [16], "9": [112], "10": [16] },
    "fnMap": {
      "0": {
        "name": "default_1",
        "decl": { "start": { "line": 9, "column": 0 }, "end": { "line": 74, "column": 1 } },
        "loc": { "start": { "line": 9, "column": 0 }, "end": { "line": 74, "column": 1 } },
        "line": 9
      },
      "1": {
        "name": "customizeArray",
        "decl": { "start": { "line": 63, "column": 20 }, "end": { "line": 68, "column": 7 } },
        "loc": { "start": { "line": 63, "column": 20 }, "end": { "line": 68, "column": 7 } },
        "line": 63
      },
      "2": {
        "name": "sortMainFields",
        "decl": { "start": { "line": 76, "column": 23 }, "end": { "line": 85, "column": 1 } },
        "loc": { "start": { "line": 76, "column": 23 }, "end": { "line": 85, "column": 1 } },
        "line": 76
      }
    },
    "f": { "0": 5, "1": 40, "2": 16 }
  },
  "/Users/biorz/workspace/fta-view/packages/config/h5-blended-taro3/src/loaders/appEntry.ts": {
    "path": "/Users/biorz/workspace/fta-view/packages/config/h5-blended-taro3/src/loaders/appEntry.ts",
    "all": false,
    "statementMap": {
      "0": { "start": { "line": 1, "column": 0 }, "end": { "line": 1, "column": 41 } },
      "1": { "start": { "line": 2, "column": 0 }, "end": { "line": 2, "column": 0 } },
      "2": { "start": { "line": 3, "column": 0 }, "end": { "line": 3, "column": 42 } },
      "3": { "start": { "line": 4, "column": 0 }, "end": { "line": 4, "column": 15 } },
      "4": { "start": { "line": 5, "column": 0 }, "end": { "line": 5, "column": 48 } },
      "5": { "start": { "line": 6, "column": 0 }, "end": { "line": 6, "column": 17 } },
      "6": { "start": { "line": 7, "column": 0 }, "end": { "line": 7, "column": 3 } },
      "7": { "start": { "line": 8, "column": 0 }, "end": { "line": 8, "column": 0 } },
      "8": { "start": { "line": 9, "column": 0 }, "end": { "line": 9, "column": 34 } },
      "9": { "start": { "line": 10, "column": 0 }, "end": { "line": 10, "column": 53 } },
      "10": { "start": { "line": 11, "column": 0 }, "end": { "line": 11, "column": 0 } },
      "11": { "start": { "line": 12, "column": 0 }, "end": { "line": 12, "column": 37 } },
      "12": { "start": { "line": 13, "column": 0 }, "end": { "line": 13, "column": 16 } },
      "13": { "start": { "line": 14, "column": 0 }, "end": { "line": 14, "column": 81 } },
      "14": { "start": { "line": 15, "column": 0 }, "end": { "line": 15, "column": 69 } },
      "15": { "start": { "line": 16, "column": 0 }, "end": { "line": 16, "column": 47 } },
      "16": { "start": { "line": 17, "column": 0 }, "end": { "line": 17, "column": 0 } },
      "17": { "start": { "line": 18, "column": 0 }, "end": { "line": 18, "column": 9 } },
      "18": { "start": { "line": 19, "column": 0 }, "end": { "line": 19, "column": 0 } },
      "19": { "start": { "line": 20, "column": 0 }, "end": { "line": 20, "column": 35 } },
      "20": { "start": { "line": 21, "column": 0 }, "end": { "line": 21, "column": 30 } },
      "21": { "start": { "line": 22, "column": 0 }, "end": { "line": 22, "column": 2 } },
      "22": { "start": { "line": 23, "column": 0 }, "end": { "line": 23, "column": 17 } },
      "23": { "start": { "line": 24, "column": 0 }, "end": { "line": 24, "column": 48 } },
      "24": { "start": { "line": 25, "column": 0 }, "end": { "line": 25, "column": 63 } },
      "25": { "start": { "line": 26, "column": 0 }, "end": { "line": 26, "column": 3 } },
      "26": { "start": { "line": 27, "column": 0 }, "end": { "line": 27, "column": 0 } },
      "27": { "start": { "line": 28, "column": 0 }, "end": { "line": 28, "column": 13 } },
      "28": { "start": { "line": 29, "column": 0 }, "end": { "line": 29, "column": 1 } }
    },
    "s": {
      "0": 1,
      "1": 1,
      "2": 3,
      "3": 3,
      "4": 3,
      "5": 0,
      "6": 0,
      "7": 3,
      "8": 3,
      "9": 3,
      "10": 3,
      "11": 3,
      "12": 3,
      "13": 3,
      "14": 3,
      "15": 3,
      "16": 3,
      "17": 3,
      "18": 3,
      "19": 3,
      "20": 3,
      "21": 3,
      "22": 3,
      "23": 3,
      "24": 3,
      "25": 3,
      "26": 3,
      "27": 3,
      "28": 3
    },
    "branchMap": {
      "0": {
        "type": "branch",
        "line": 3,
        "loc": { "start": { "line": 3, "column": 0 }, "end": { "line": 29, "column": 1 } },
        "locations": [{ "start": { "line": 3, "column": 0 }, "end": { "line": 29, "column": 1 } }]
      },
      "1": {
        "type": "branch",
        "line": 5,
        "loc": { "start": { "line": 5, "column": 47 }, "end": { "line": 7, "column": 3 } },
        "locations": [{ "start": { "line": 5, "column": 47 }, "end": { "line": 7, "column": 3 } }]
      }
    },
    "b": { "0": [3], "1": [0] },
    "fnMap": {
      "0": {
        "name": "default_1",
        "decl": { "start": { "line": 3, "column": 0 }, "end": { "line": 29, "column": 1 } },
        "loc": { "start": { "line": 3, "column": 0 }, "end": { "line": 29, "column": 1 } },
        "line": 3
      }
    },
    "f": { "0": 3 }
  },
  "/Users/biorz/workspace/fta-view/packages/config/h5-blended-taro3/src/plugins/mainPlugin.ts": {
    "path": "/Users/biorz/workspace/fta-view/packages/config/h5-blended-taro3/src/plugins/mainPlugin.ts",
    "all": false,
    "statementMap": {
      "0": { "start": { "line": 1, "column": 0 }, "end": { "line": 1, "column": 33 } },
      "1": { "start": { "line": 2, "column": 0 }, "end": { "line": 2, "column": 28 } },
      "2": { "start": { "line": 3, "column": 0 }, "end": { "line": 3, "column": 0 } },
      "3": { "start": { "line": 4, "column": 0 }, "end": { "line": 4, "column": 30 } },
      "4": { "start": { "line": 5, "column": 0 }, "end": { "line": 5, "column": 18 } },
      "5": { "start": { "line": 6, "column": 0 }, "end": { "line": 6, "column": 21 } },
      "6": { "start": { "line": 7, "column": 0 }, "end": { "line": 7, "column": 1 } },
      "7": { "start": { "line": 8, "column": 0 }, "end": { "line": 8, "column": 0 } },
      "8": { "start": { "line": 9, "column": 0 }, "end": { "line": 9, "column": 33 } },
      "9": { "start": { "line": 10, "column": 0 }, "end": { "line": 10, "column": 35 } },
      "10": { "start": { "line": 11, "column": 0 }, "end": { "line": 11, "column": 0 } },
      "11": { "start": { "line": 12, "column": 0 }, "end": { "line": 12, "column": 29 } },
      "12": { "start": { "line": 13, "column": 0 }, "end": { "line": 13, "column": 22 } },
      "13": { "start": { "line": 14, "column": 0 }, "end": { "line": 14, "column": 0 } },
      "14": { "start": { "line": 15, "column": 0 }, "end": { "line": 15, "column": 24 } },
      "15": { "start": { "line": 16, "column": 0 }, "end": { "line": 16, "column": 44 } },
      "16": { "start": { "line": 17, "column": 0 }, "end": { "line": 17, "column": 22 } },
      "17": { "start": { "line": 18, "column": 0 }, "end": { "line": 18, "column": 23 } },
      "18": { "start": { "line": 19, "column": 0 }, "end": { "line": 19, "column": 6 } },
      "19": { "start": { "line": 20, "column": 0 }, "end": { "line": 20, "column": 3 } },
      "20": { "start": { "line": 21, "column": 0 }, "end": { "line": 21, "column": 0 } },
      "21": { "start": { "line": 22, "column": 0 }, "end": { "line": 22, "column": 19 } },
      "22": { "start": { "line": 23, "column": 0 }, "end": { "line": 23, "column": 48 } },
      "23": { "start": { "line": 24, "column": 0 }, "end": { "line": 24, "column": 0 } },
      "24": { "start": { "line": 25, "column": 0 }, "end": { "line": 25, "column": 77 } },
      "25": { "start": { "line": 26, "column": 0 }, "end": { "line": 26, "column": 97 } },
      "26": { "start": { "line": 27, "column": 0 }, "end": { "line": 27, "column": 6 } },
      "27": { "start": { "line": 28, "column": 0 }, "end": { "line": 28, "column": 3 } },
      "28": { "start": { "line": 29, "column": 0 }, "end": { "line": 29, "column": 0 } },
      "29": { "start": { "line": 30, "column": 0 }, "end": { "line": 30, "column": 42 } },
      "30": { "start": { "line": 31, "column": 0 }, "end": { "line": 31, "column": 53 } },
      "31": { "start": { "line": 32, "column": 0 }, "end": { "line": 32, "column": 0 } },
      "32": { "start": { "line": 33, "column": 0 }, "end": { "line": 33, "column": 58 } },
      "33": { "start": { "line": 34, "column": 0 }, "end": { "line": 34, "column": 0 } },
      "34": { "start": { "line": 35, "column": 0 }, "end": { "line": 35, "column": 25 } },
      "35": { "start": { "line": 36, "column": 0 }, "end": { "line": 36, "column": 58 } },
      "36": { "start": { "line": 37, "column": 0 }, "end": { "line": 37, "column": 16 } },
      "37": { "start": { "line": 38, "column": 0 }, "end": { "line": 38, "column": 28 } },
      "38": { "start": { "line": 39, "column": 0 }, "end": { "line": 39, "column": 22 } },
      "39": { "start": { "line": 40, "column": 0 }, "end": { "line": 40, "column": 22 } },
      "40": { "start": { "line": 41, "column": 0 }, "end": { "line": 41, "column": 10 } },
      "41": { "start": { "line": 42, "column": 0 }, "end": { "line": 42, "column": 8 } },
      "42": { "start": { "line": 43, "column": 0 }, "end": { "line": 43, "column": 6 } },
      "43": { "start": { "line": 44, "column": 0 }, "end": { "line": 44, "column": 3 } },
      "44": { "start": { "line": 45, "column": 0 }, "end": { "line": 45, "column": 0 } },
      "45": { "start": { "line": 46, "column": 0 }, "end": { "line": 46, "column": 25 } },
      "46": { "start": { "line": 47, "column": 0 }, "end": { "line": 47, "column": 36 } },
      "47": { "start": { "line": 48, "column": 0 }, "end": { "line": 48, "column": 0 } },
      "48": { "start": { "line": 49, "column": 0 }, "end": { "line": 49, "column": 61 } },
      "49": { "start": { "line": 50, "column": 0 }, "end": { "line": 50, "column": 57 } },
      "50": { "start": { "line": 51, "column": 0 }, "end": { "line": 51, "column": 42 } },
      "51": { "start": { "line": 52, "column": 0 }, "end": { "line": 52, "column": 82 } },
      "52": { "start": { "line": 53, "column": 0 }, "end": { "line": 53, "column": 8 } },
      "53": { "start": { "line": 54, "column": 0 }, "end": { "line": 54, "column": 0 } },
      "54": { "start": { "line": 55, "column": 0 }, "end": { "line": 55, "column": 40 } },
      "55": { "start": { "line": 56, "column": 0 }, "end": { "line": 56, "column": 5 } },
      "56": { "start": { "line": 57, "column": 0 }, "end": { "line": 57, "column": 0 } },
      "57": { "start": { "line": 58, "column": 0 }, "end": { "line": 58, "column": 17 } },
      "58": { "start": { "line": 59, "column": 0 }, "end": { "line": 59, "column": 23 } },
      "59": { "start": { "line": 60, "column": 0 }, "end": { "line": 60, "column": 81 } },
      "60": { "start": { "line": 61, "column": 0 }, "end": { "line": 61, "column": 8 } },
      "61": { "start": { "line": 62, "column": 0 }, "end": { "line": 62, "column": 20 } },
      "62": { "start": { "line": 63, "column": 0 }, "end": { "line": 63, "column": 73 } },
      "63": { "start": { "line": 64, "column": 0 }, "end": { "line": 64, "column": 8 } },
      "64": { "start": { "line": 65, "column": 0 }, "end": { "line": 65, "column": 16 } },
      "65": { "start": { "line": 66, "column": 0 }, "end": { "line": 66, "column": 3 } },
      "66": { "start": { "line": 67, "column": 0 }, "end": { "line": 67, "column": 1 } }
    },
    "s": {
      "0": 1,
      "1": 1,
      "2": 1,
      "3": 1,
      "4": 1,
      "5": 1,
      "6": 1,
      "7": 1,
      "8": 1,
      "9": 1,
      "10": 1,
      "11": 1,
      "12": 1,
      "13": 1,
      "14": 1,
      "15": 5,
      "16": 5,
      "17": 5,
      "18": 5,
      "19": 5,
      "20": 1,
      "21": 1,
      "22": 3,
      "23": 3,
      "24": 3,
      "25": 3,
      "26": 3,
      "27": 3,
      "28": 1,
      "29": 1,
      "30": 495,
      "31": 495,
      "32": 495,
      "33": 3,
      "34": 3,
      "35": 3,
      "36": 3,
      "37": 3,
      "38": 3,
      "39": 3,
      "40": 3,
      "41": 3,
      "42": 3,
      "43": 3,
      "44": 1,
      "45": 1,
      "46": 3,
      "47": 3,
      "48": 3,
      "49": 1,
      "50": 1,
      "51": 1,
      "52": 1,
      "53": 1,
      "54": 1,
      "55": 1,
      "56": 3,
      "57": 3,
      "58": 3,
      "59": 5,
      "60": 3,
      "61": 3,
      "62": 3,
      "63": 3,
      "64": 3,
      "65": 3,
      "66": 1
    },
    "branchMap": {
      "0": {
        "type": "branch",
        "line": 9,
        "loc": { "start": { "line": 9, "column": 0 }, "end": { "line": 67, "column": 1 } },
        "locations": [{ "start": { "line": 9, "column": 0 }, "end": { "line": 67, "column": 1 } }]
      },
      "1": {
        "type": "branch",
        "line": 15,
        "loc": { "start": { "line": 15, "column": 2 }, "end": { "line": 20, "column": 3 } },
        "locations": [{ "start": { "line": 15, "column": 2 }, "end": { "line": 20, "column": 3 } }]
      },
      "2": {
        "type": "branch",
        "line": 16,
        "loc": { "start": { "line": 16, "column": 35 }, "end": { "line": 16, "column": 41 } },
        "locations": [{ "start": { "line": 16, "column": 35 }, "end": { "line": 16, "column": 41 } }]
      },
      "3": {
        "type": "branch",
        "line": 22,
        "loc": { "start": { "line": 22, "column": 2 }, "end": { "line": 28, "column": 3 } },
        "locations": [{ "start": { "line": 22, "column": 2 }, "end": { "line": 28, "column": 3 } }]
      },
      "4": {
        "type": "branch",
        "line": 25,
        "loc": { "start": { "line": 25, "column": 59 }, "end": { "line": 27, "column": 5 } },
        "locations": [{ "start": { "line": 25, "column": 59 }, "end": { "line": 27, "column": 5 } }]
      },
      "5": {
        "type": "branch",
        "line": 30,
        "loc": { "start": { "line": 30, "column": 2 }, "end": { "line": 44, "column": 3 } },
        "locations": [{ "start": { "line": 30, "column": 2 }, "end": { "line": 44, "column": 3 } }]
      },
      "6": {
        "type": "branch",
        "line": 33,
        "loc": { "start": { "line": 33, "column": 52 }, "end": { "line": 33, "column": 58 } },
        "locations": [{ "start": { "line": 33, "column": 52 }, "end": { "line": 33, "column": 58 } }]
      },
      "7": {
        "type": "branch",
        "line": 34,
        "loc": { "start": { "line": 34, "column": -1 }, "end": { "line": 44, "column": 3 } },
        "locations": [{ "start": { "line": 34, "column": -1 }, "end": { "line": 44, "column": 3 } }]
      },
      "8": {
        "type": "branch",
        "line": 46,
        "loc": { "start": { "line": 46, "column": 2 }, "end": { "line": 66, "column": 3 } },
        "locations": [{ "start": { "line": 46, "column": 2 }, "end": { "line": 66, "column": 3 } }]
      },
      "9": {
        "type": "branch",
        "line": 49,
        "loc": { "start": { "line": 49, "column": 60 }, "end": { "line": 56, "column": 5 } },
        "locations": [{ "start": { "line": 49, "column": 60 }, "end": { "line": 56, "column": 5 } }]
      },
      "10": {
        "type": "branch",
        "line": 50,
        "loc": { "start": { "line": 50, "column": 40 }, "end": { "line": 53, "column": 7 } },
        "locations": [{ "start": { "line": 50, "column": 40 }, "end": { "line": 53, "column": 7 } }]
      },
      "11": {
        "type": "branch",
        "line": 52,
        "loc": { "start": { "line": 52, "column": -1 }, "end": { "line": 52, "column": 43 } },
        "locations": [{ "start": { "line": 52, "column": -1 }, "end": { "line": 52, "column": 43 } }]
      },
      "12": {
        "type": "branch",
        "line": 52,
        "loc": { "start": { "line": 52, "column": 44 }, "end": { "line": 52, "column": 82 } },
        "locations": [{ "start": { "line": 52, "column": 44 }, "end": { "line": 52, "column": 82 } }]
      },
      "13": {
        "type": "branch",
        "line": 59,
        "loc": { "start": { "line": 59, "column": 14 }, "end": { "line": 61, "column": 7 } },
        "locations": [{ "start": { "line": 59, "column": 14 }, "end": { "line": 61, "column": 7 } }]
      },
      "14": {
        "type": "branch",
        "line": 60,
        "loc": { "start": { "line": 60, "column": 49 }, "end": { "line": 60, "column": 81 } },
        "locations": [{ "start": { "line": 60, "column": 49 }, "end": { "line": 60, "column": 81 } }]
      },
      "15": {
        "type": "branch",
        "line": 62,
        "loc": { "start": { "line": 62, "column": 11 }, "end": { "line": 64, "column": 7 } },
        "locations": [{ "start": { "line": 62, "column": 11 }, "end": { "line": 64, "column": 7 } }]
      },
      "16": {
        "type": "branch",
        "line": 63,
        "loc": { "start": { "line": 63, "column": 35 }, "end": { "line": 63, "column": 39 } },
        "locations": [{ "start": { "line": 63, "column": 35 }, "end": { "line": 63, "column": 39 } }]
      },
      "17": {
        "type": "branch",
        "line": 63,
        "loc": { "start": { "line": 63, "column": 40 }, "end": { "line": 63, "column": 73 } },
        "locations": [{ "start": { "line": 63, "column": 40 }, "end": { "line": 63, "column": 73 } }]
      }
    },
    "b": {
      "0": [1],
      "1": [5],
      "2": [0],
      "3": [3],
      "4": [3],
      "5": [495],
      "6": [492],
      "7": [3],
      "8": [3],
      "9": [1],
      "10": [1],
      "11": [0],
      "12": [0],
      "13": [5],
      "14": [3],
      "15": [3],
      "16": [2],
      "17": [1]
    },
    "fnMap": {
      "0": {
        "name": "MainPlugin",
        "decl": { "start": { "line": 15, "column": 2 }, "end": { "line": 20, "column": 3 } },
        "loc": { "start": { "line": 15, "column": 2 }, "end": { "line": 20, "column": 3 } },
        "line": 15
      },
      "1": {
        "name": "Object.<anonymous>.MainPlugin.apply",
        "decl": { "start": { "line": 22, "column": 2 }, "end": { "line": 28, "column": 3 } },
        "loc": { "start": { "line": 22, "column": 2 }, "end": { "line": 28, "column": 3 } },
        "line": 22
      },
      "2": {
        "name": "Object.<anonymous>.MainPlugin.addLoader",
        "decl": { "start": { "line": 30, "column": 2 }, "end": { "line": 44, "column": 3 } },
        "loc": { "start": { "line": 30, "column": 2 }, "end": { "line": 44, "column": 3 } },
        "line": 30
      },
      "3": {
        "name": "Object.<anonymous>.MainPlugin.getAppEntry",
        "decl": { "start": { "line": 46, "column": 2 }, "end": { "line": 66, "column": 3 } },
        "loc": { "start": { "line": 46, "column": 2 }, "end": { "line": 66, "column": 3 } },
        "line": 46
      }
    },
    "f": { "0": 5, "1": 3, "2": 495, "3": 3 }
  }
}
