TN:
SF:babel.config.js
FN:1,Object.<anonymous>
FNF:1
FNH:1
FNDA:1,Object.<anonymous>
DA:1,1
DA:2,1
DA:3,1
DA:4,1
DA:5,1
DA:6,1
DA:7,1
DA:8,1
DA:9,1
DA:10,1
DA:11,1
DA:12,1
DA:13,1
DA:14,1
LF:14
LH:14
BRDA:1,0,0,1
BRDA:1,1,0,1
BRF:2
BRH:2
end_of_record
TN:
SF:webpack.config.ts
FNF:0
FNH:0
DA:1,1
DA:2,1
DA:3,1
DA:4,1
DA:5,1
DA:6,1
DA:7,1
DA:8,1
DA:9,1
DA:10,1
DA:11,1
DA:12,1
DA:13,1
DA:14,1
DA:15,1
DA:16,1
DA:17,1
DA:18,1
DA:19,1
DA:20,1
DA:21,1
DA:22,1
DA:23,1
DA:24,1
DA:25,1
DA:26,1
DA:27,1
DA:28,1
DA:29,1
DA:30,1
DA:31,1
DA:32,1
DA:33,1
DA:34,1
DA:35,1
DA:36,1
DA:37,1
DA:38,1
DA:39,1
DA:40,1
DA:41,1
DA:42,1
DA:43,1
DA:44,1
DA:45,1
DA:46,1
DA:47,1
DA:48,1
LF:48
LH:48
BRF:0
BRH:0
end_of_record
TN:
SF:../utils/index.ts
FN:10,compile
FN:21,run
FN:44,ensureWebpackMemoryFs
FN:51,getOutput
FN:64,readDir
FN:79,devServer
FNF:6
FNH:6
FNDA:1,compile
FNDA:1,run
FNDA:1,ensureWebpackMemoryFs
FNDA:3,getOutput
FNDA:3,readDir
FNDA:2,devServer
DA:1,1
DA:2,1
DA:3,1
DA:4,1
DA:5,1
DA:6,1
DA:7,1
DA:8,1
DA:9,1
DA:10,1
DA:11,1
DA:12,1
DA:13,1
DA:14,1
DA:15,1
DA:16,1
DA:17,1
DA:18,1
DA:19,1
DA:20,1
DA:21,1
DA:22,1
DA:23,1
DA:24,1
DA:25,1
DA:26,1
DA:27,1
DA:28,1
DA:29,1
DA:30,1
DA:31,0
DA:32,0
DA:33,1
DA:34,1
DA:35,1
DA:36,1
DA:37,1
DA:38,1
DA:39,1
DA:40,1
DA:41,1
DA:42,1
DA:43,1
DA:44,1
DA:45,1
DA:46,1
DA:47,1
DA:48,1
DA:49,1
DA:50,1
DA:51,3
DA:52,3
DA:53,3
DA:54,3
DA:55,3
DA:56,117
DA:57,117
DA:58,117
DA:59,117
DA:60,3
DA:61,3
DA:62,3
DA:63,1
DA:64,3
DA:65,3
DA:66,3
DA:67,3
DA:68,117
DA:69,117
DA:70,117
DA:71,0
DA:72,117
DA:73,117
DA:74,117
DA:75,3
DA:76,3
DA:77,3
DA:78,1
DA:79,1
DA:80,2
DA:81,2
DA:82,2
DA:83,2
DA:84,2
DA:85,2
DA:86,2
DA:87,2
DA:88,2
DA:89,2
DA:90,2
DA:91,2
DA:92,2
DA:93,2
DA:94,2
DA:95,2
DA:96,2
DA:97,0
DA:98,2
DA:99,2
DA:100,2
DA:101,2
DA:102,0
DA:103,0
DA:104,2
DA:105,2
DA:106,2
LF:106
LH:100
BRDA:10,0,0,1
BRDA:21,1,0,1
BRDA:28,2,0,1
BRDA:29,3,0,1
BRDA:30,4,0,0
BRDA:30,5,0,0
BRDA:30,6,0,0
BRDA:30,7,0,0
BRDA:44,8,0,1
BRDA:51,9,0,3
BRDA:55,10,0,117
BRDA:64,11,0,3
BRDA:67,12,0,117
BRDA:70,13,0,0
BRDA:79,14,0,2
BRDA:81,15,0,2
BRDA:82,16,0,2
BRDA:88,17,0,2
BRDA:92,18,0,2
BRDA:100,19,0,2
BRDA:101,20,0,0
BRF:21
BRH:15
end_of_record
TN:
SF:../../src/index.ts
FN:9,default_1
FN:63,customizeArray
FN:76,sortMainFields
FNF:3
FNH:3
FNDA:5,default_1
FNDA:40,customizeArray
FNDA:16,sortMainFields
DA:1,1
DA:2,1
DA:3,1
DA:4,1
DA:5,1
DA:6,1
DA:7,1
DA:8,1
DA:9,5
DA:10,5
DA:11,5
DA:12,5
DA:13,5
DA:14,4
DA:15,4
DA:16,5
DA:17,1
DA:18,1
DA:19,5
DA:20,5
DA:21,5
DA:22,5
DA:23,5
DA:24,5
DA:25,5
DA:26,5
DA:27,5
DA:28,5
DA:29,5
DA:30,5
DA:31,5
DA:32,5
DA:33,5
DA:34,5
DA:35,5
DA:36,5
DA:37,5
DA:38,5
DA:39,5
DA:40,5
DA:41,5
DA:42,5
DA:43,5
DA:44,5
DA:45,5
DA:46,5
DA:47,5
DA:48,5
DA:49,5
DA:50,5
DA:51,5
DA:52,5
DA:53,5
DA:54,5
DA:55,5
DA:56,5
DA:57,5
DA:58,5
DA:59,5
DA:60,5
DA:61,5
DA:62,4
DA:63,4
DA:64,40
DA:65,16
DA:66,16
DA:67,24
DA:68,4
DA:69,4
DA:70,4
DA:71,4
DA:72,1
DA:73,1
DA:74,1
DA:75,1
DA:76,1
DA:77,16
DA:78,16
DA:79,16
DA:80,16
DA:81,112
DA:82,16
DA:83,16
DA:84,16
DA:85,16
LF:85
LH:85
BRDA:9,0,0,5
BRDA:13,1,0,4
BRDA:16,2,0,1
BRDA:61,3,0,4
BRDA:72,4,0,1
BRDA:63,5,0,40
BRDA:64,6,0,16
BRDA:67,7,0,24
BRDA:76,8,0,16
BRDA:80,9,0,112
BRDA:81,10,0,16
BRF:11
BRH:11
end_of_record
TN:
SF:../../src/loaders/appEntry.ts
FN:3,default_1
FNF:1
FNH:1
FNDA:3,default_1
DA:1,1
DA:2,1
DA:3,3
DA:4,3
DA:5,3
DA:6,0
DA:7,0
DA:8,3
DA:9,3
DA:10,3
DA:11,3
DA:12,3
DA:13,3
DA:14,3
DA:15,3
DA:16,3
DA:17,3
DA:18,3
DA:19,3
DA:20,3
DA:21,3
DA:22,3
DA:23,3
DA:24,3
DA:25,3
DA:26,3
DA:27,3
DA:28,3
DA:29,3
LF:29
LH:27
BRDA:3,0,0,3
BRDA:5,1,0,0
BRF:2
BRH:1
end_of_record
TN:
SF:../../src/plugins/mainPlugin.ts
FN:15,MainPlugin
FN:22,Object.<anonymous>.MainPlugin.apply
FN:30,Object.<anonymous>.MainPlugin.addLoader
FN:46,Object.<anonymous>.MainPlugin.getAppEntry
FNF:4
FNH:4
FNDA:5,MainPlugin
FNDA:3,Object.<anonymous>.MainPlugin.apply
FNDA:495,Object.<anonymous>.MainPlugin.addLoader
FNDA:3,Object.<anonymous>.MainPlugin.getAppEntry
DA:1,1
DA:2,1
DA:3,1
DA:4,1
DA:5,1
DA:6,1
DA:7,1
DA:8,1
DA:9,1
DA:10,1
DA:11,1
DA:12,1
DA:13,1
DA:14,1
DA:15,1
DA:16,5
DA:17,5
DA:18,5
DA:19,5
DA:20,5
DA:21,1
DA:22,1
DA:23,3
DA:24,3
DA:25,3
DA:26,3
DA:27,3
DA:28,3
DA:29,1
DA:30,1
DA:31,495
DA:32,495
DA:33,495
DA:34,3
DA:35,3
DA:36,3
DA:37,3
DA:38,3
DA:39,3
DA:40,3
DA:41,3
DA:42,3
DA:43,3
DA:44,3
DA:45,1
DA:46,1
DA:47,3
DA:48,3
DA:49,3
DA:50,1
DA:51,1
DA:52,1
DA:53,1
DA:54,1
DA:55,1
DA:56,1
DA:57,3
DA:58,3
DA:59,3
DA:60,5
DA:61,3
DA:62,3
DA:63,3
DA:64,3
DA:65,3
DA:66,3
DA:67,1
LF:67
LH:67
BRDA:9,0,0,1
BRDA:15,1,0,5
BRDA:16,2,0,0
BRDA:22,3,0,3
BRDA:25,4,0,3
BRDA:30,5,0,495
BRDA:33,6,0,492
BRDA:34,7,0,3
BRDA:46,8,0,3
BRDA:49,9,0,1
BRDA:50,10,0,1
BRDA:52,11,0,0
BRDA:52,12,0,0
BRDA:59,13,0,5
BRDA:60,14,0,3
BRDA:62,15,0,3
BRDA:63,16,0,2
BRDA:63,17,0,1
BRF:18
BRH:15
end_of_record
