TN:
SF:babel.config.js
FN:1,Object.<anonymous>
FNF:1
FNH:1
FNDA:1,Object.<anonymous>
DA:1,1
DA:2,1
DA:3,1
DA:4,1
DA:5,1
DA:6,1
DA:7,1
DA:8,1
DA:9,1
DA:10,1
DA:11,1
DA:12,1
DA:13,1
DA:14,1
LF:14
LH:14
BRDA:1,0,0,1
BRDA:1,1,0,1
BRF:2
BRH:2
end_of_record
TN:
SF:webpack.config.ts
FNF:0
FNH:0
DA:1,1
DA:2,1
DA:3,1
DA:4,1
DA:5,1
DA:6,1
DA:7,1
DA:8,1
DA:9,1
DA:10,1
DA:11,1
DA:12,1
DA:13,1
DA:14,1
DA:15,1
DA:16,1
DA:17,1
DA:18,1
DA:19,1
DA:20,1
DA:21,1
DA:22,1
DA:23,1
DA:24,1
DA:25,1
DA:26,1
DA:27,1
DA:28,1
DA:29,1
DA:30,1
DA:31,1
DA:32,1
DA:33,1
DA:34,1
DA:35,1
DA:36,1
DA:37,1
DA:38,1
DA:39,1
DA:40,1
DA:41,1
DA:42,1
DA:43,1
DA:44,1
DA:45,1
DA:46,1
DA:47,1
LF:47
LH:47
BRF:0
BRH:0
end_of_record
TN:
SF:../utils/index.ts
FN:10,compile
FN:21,run
FN:44,ensureWebpackMemoryFs
FN:51,getOutput
FN:64,readDir
FN:79,devServer
FNF:6
FNH:6
FNDA:1,compile
FNDA:1,run
FNDA:1,ensureWebpackMemoryFs
FNDA:2,getOutput
FNDA:2,readDir
FNDA:1,devServer
DA:1,1
DA:2,1
DA:3,1
DA:4,1
DA:5,1
DA:6,1
DA:7,1
DA:8,1
DA:9,1
DA:10,1
DA:11,1
DA:12,1
DA:13,1
DA:14,1
DA:15,1
DA:16,1
DA:17,1
DA:18,1
DA:19,1
DA:20,1
DA:21,1
DA:22,1
DA:23,1
DA:24,1
DA:25,1
DA:26,1
DA:27,1
DA:28,1
DA:29,1
DA:30,1
DA:31,0
DA:32,0
DA:33,1
DA:34,1
DA:35,1
DA:36,1
DA:37,1
DA:38,1
DA:39,1
DA:40,1
DA:41,1
DA:42,1
DA:43,1
DA:44,1
DA:45,1
DA:46,1
DA:47,1
DA:48,1
DA:49,1
DA:50,1
DA:51,2
DA:52,2
DA:53,2
DA:54,2
DA:55,2
DA:56,78
DA:57,78
DA:58,78
DA:59,78
DA:60,2
DA:61,2
DA:62,2
DA:63,1
DA:64,2
DA:65,2
DA:66,2
DA:67,2
DA:68,78
DA:69,78
DA:70,78
DA:71,0
DA:72,78
DA:73,78
DA:74,78
DA:75,2
DA:76,2
DA:77,2
DA:78,1
DA:79,1
DA:80,1
DA:81,1
DA:82,1
DA:83,1
DA:84,1
DA:85,1
DA:86,1
DA:87,1
DA:88,1
DA:89,1
DA:90,1
DA:91,1
DA:92,1
DA:93,1
DA:94,1
DA:95,1
DA:96,1
DA:97,0
DA:98,1
DA:99,1
DA:100,1
DA:101,1
DA:102,0
DA:103,0
DA:104,1
DA:105,1
DA:106,1
LF:106
LH:100
BRDA:10,0,0,1
BRDA:21,1,0,1
BRDA:28,2,0,1
BRDA:29,3,0,1
BRDA:30,4,0,0
BRDA:30,5,0,0
BRDA:30,6,0,0
BRDA:30,7,0,0
BRDA:44,8,0,1
BRDA:51,9,0,2
BRDA:55,10,0,78
BRDA:64,11,0,2
BRDA:67,12,0,78
BRDA:70,13,0,0
BRDA:79,14,0,1
BRDA:81,15,0,1
BRDA:82,16,0,1
BRDA:88,17,0,1
BRDA:92,18,0,1
BRDA:100,19,0,1
BRDA:101,20,0,0
BRF:21
BRH:15
end_of_record
TN:
SF:../../src/index.ts
FN:9,default_1
FN:62,customizeArray
FN:75,sortMainFields
FNF:3
FNH:3
FNDA:4,default_1
FNDA:30,customizeArray
FNDA:12,sortMainFields
DA:1,1
DA:2,1
DA:3,1
DA:4,1
DA:5,1
DA:6,1
DA:7,1
DA:8,1
DA:9,4
DA:10,4
DA:11,4
DA:12,4
DA:13,4
DA:14,3
DA:15,3
DA:16,4
DA:17,1
DA:18,1
DA:19,4
DA:20,4
DA:21,4
DA:22,4
DA:23,4
DA:24,4
DA:25,4
DA:26,4
DA:27,4
DA:28,4
DA:29,4
DA:30,4
DA:31,4
DA:32,4
DA:33,4
DA:34,4
DA:35,4
DA:36,4
DA:37,4
DA:38,4
DA:39,4
DA:40,4
DA:41,4
DA:42,4
DA:43,4
DA:44,4
DA:45,4
DA:46,4
DA:47,4
DA:48,4
DA:49,4
DA:50,4
DA:51,4
DA:52,4
DA:53,4
DA:54,4
DA:55,4
DA:56,4
DA:57,4
DA:58,4
DA:59,4
DA:60,4
DA:61,3
DA:62,3
DA:63,30
DA:64,12
DA:65,12
DA:66,18
DA:67,3
DA:68,3
DA:69,3
DA:70,3
DA:71,1
DA:72,1
DA:73,1
DA:74,1
DA:75,1
DA:76,12
DA:77,12
DA:78,12
DA:79,12
DA:80,84
DA:81,12
DA:82,12
DA:83,12
DA:84,12
LF:84
LH:84
BRDA:9,0,0,4
BRDA:13,1,0,3
BRDA:16,2,0,1
BRDA:60,3,0,3
BRDA:71,4,0,1
BRDA:62,5,0,30
BRDA:63,6,0,12
BRDA:66,7,0,18
BRDA:75,8,0,12
BRDA:79,9,0,84
BRDA:80,10,0,12
BRF:11
BRH:11
end_of_record
TN:
SF:../../src/loaders/appEntry.ts
FN:3,default_1
FNF:1
FNH:1
FNDA:2,default_1
DA:1,1
DA:2,1
DA:3,2
DA:4,2
DA:5,2
DA:6,0
DA:7,0
DA:8,2
DA:9,2
DA:10,2
DA:11,2
DA:12,2
DA:13,2
DA:14,2
DA:15,2
DA:16,2
DA:17,2
DA:18,2
DA:19,2
DA:20,2
DA:21,2
DA:22,2
DA:23,2
DA:24,2
DA:25,2
DA:26,2
DA:27,2
DA:28,2
DA:29,2
LF:29
LH:27
BRDA:3,0,0,2
BRDA:5,1,0,0
BRF:2
BRH:1
end_of_record
TN:
SF:../../src/plugins/mainPlugin.ts
FN:15,MainPlugin
FN:22,Object.<anonymous>.MainPlugin.apply
FN:30,Object.<anonymous>.MainPlugin.addLoader
FN:46,Object.<anonymous>.MainPlugin.getAppEntry
FNF:4
FNH:4
FNDA:4,MainPlugin
FNDA:2,Object.<anonymous>.MainPlugin.apply
FNDA:320,Object.<anonymous>.MainPlugin.addLoader
FNDA:2,Object.<anonymous>.MainPlugin.getAppEntry
DA:1,1
DA:2,1
DA:3,1
DA:4,1
DA:5,1
DA:6,1
DA:7,1
DA:8,1
DA:9,1
DA:10,1
DA:11,1
DA:12,1
DA:13,1
DA:14,1
DA:15,1
DA:16,4
DA:17,4
DA:18,4
DA:19,4
DA:20,4
DA:21,1
DA:22,1
DA:23,2
DA:24,2
DA:25,2
DA:26,2
DA:27,2
DA:28,2
DA:29,1
DA:30,1
DA:31,320
DA:32,320
DA:33,320
DA:34,2
DA:35,2
DA:36,2
DA:37,2
DA:38,2
DA:39,2
DA:40,2
DA:41,2
DA:42,2
DA:43,2
DA:44,2
DA:45,1
DA:46,1
DA:47,2
DA:48,2
DA:49,2
DA:50,3
DA:51,2
DA:52,2
DA:53,2
DA:54,1
LF:54
LH:54
BRDA:9,0,0,1
BRDA:15,1,0,4
BRDA:16,2,0,0
BRDA:22,3,0,2
BRDA:25,4,0,2
BRDA:30,5,0,320
BRDA:33,6,0,318
BRDA:34,7,0,2
BRDA:46,8,0,2
BRDA:49,9,0,3
BRDA:50,10,0,2
BRF:11
BRH:10
end_of_record
